Start testing: May 15 09:44 CST
----------------------------------------------------------
1/18 Testing: TC01: Normal DNA sequence construction
1/18 Test: TC01: Normal DNA sequence construction
Command: "/Users/ginger/Documents/LibreBio_Project/build/sequence_test" "TC01: Normal DNA sequence construction"
Directory: /Users/ginger/Documents/LibreBio_Project/build
"TC01: Normal DNA sequence construction" start time: May 15 09:44 CST
Output:
----------------------------------------------------------
Filters: "TC01: Normal DNA sequence construction"
Randomness seeded to: 746378022
===============================================================================
All tests passed (5 assertions in 1 test case)

<end of output>
Test time =   0.01 sec
----------------------------------------------------------
Test Passed.
"TC01: Normal DNA sequence construction" end time: May 15 09:44 CST
"TC01: Normal DNA sequence construction" time elapsed: 00:00:00
----------------------------------------------------------

2/18 Testing: TC02: Normal RNA sequence construction
2/18 Test: TC02: Normal RNA sequence construction
Command: "/Users/ginger/Documents/LibreBio_Project/build/sequence_test" "TC02: Normal RNA sequence construction"
Directory: /Users/ginger/Documents/LibreBio_Project/build
"TC02: Normal RNA sequence construction" start time: May 15 09:44 CST
Output:
----------------------------------------------------------
Filters: "TC02: Normal RNA sequence construction"
Randomness seeded to: 1934255414
===============================================================================
All tests passed (2 assertions in 1 test case)

<end of output>
Test time =   0.01 sec
----------------------------------------------------------
Test Passed.
"TC02: Normal RNA sequence construction" end time: May 15 09:44 CST
"TC02: Normal RNA sequence construction" time elapsed: 00:00:00
----------------------------------------------------------

3/18 Testing: TC03: Normal Protein sequence construction
3/18 Test: TC03: Normal Protein sequence construction
Command: "/Users/ginger/Documents/LibreBio_Project/build/sequence_test" "TC03: Normal Protein sequence construction"
Directory: /Users/ginger/Documents/LibreBio_Project/build
"TC03: Normal Protein sequence construction" start time: May 15 09:44 CST
Output:
----------------------------------------------------------
Filters: "TC03: Normal Protein sequence construction"
Randomness seeded to: 3387386008
===============================================================================
All tests passed (2 assertions in 1 test case)

<end of output>
Test time =   0.01 sec
----------------------------------------------------------
Test Passed.
"TC03: Normal Protein sequence construction" end time: May 15 09:44 CST
"TC03: Normal Protein sequence construction" time elapsed: 00:00:00
----------------------------------------------------------

4/18 Testing: TC04: Empty sequence construction
4/18 Test: TC04: Empty sequence construction
Command: "/Users/ginger/Documents/LibreBio_Project/build/sequence_test" "TC04: Empty sequence construction"
Directory: /Users/ginger/Documents/LibreBio_Project/build
"TC04: Empty sequence construction" start time: May 15 09:44 CST
Output:
----------------------------------------------------------
Filters: "TC04: Empty sequence construction"
Randomness seeded to: 785579549
===============================================================================
All tests passed (2 assertions in 1 test case)

<end of output>
Test time =   0.01 sec
----------------------------------------------------------
Test Passed.
"TC04: Empty sequence construction" end time: May 15 09:44 CST
"TC04: Empty sequence construction" time elapsed: 00:00:00
----------------------------------------------------------

5/18 Testing: TC05: sub_seq normal extraction
5/18 Test: TC05: sub_seq normal extraction
Command: "/Users/ginger/Documents/LibreBio_Project/build/sequence_test" "TC05: sub_seq normal extraction"
Directory: /Users/ginger/Documents/LibreBio_Project/build
"TC05: sub_seq normal extraction" start time: May 15 09:44 CST
Output:
----------------------------------------------------------
Filters: "TC05: sub_seq normal extraction"
Randomness seeded to: 3080412095
===============================================================================
All tests passed (5 assertions in 1 test case)

<end of output>
Test time =   0.01 sec
----------------------------------------------------------
Test Passed.
"TC05: sub_seq normal extraction" end time: May 15 09:44 CST
"TC05: sub_seq normal extraction" time elapsed: 00:00:00
----------------------------------------------------------

6/18 Testing: TC06: sub_seq start out of bounds
6/18 Test: TC06: sub_seq start out of bounds
Command: "/Users/ginger/Documents/LibreBio_Project/build/sequence_test" "TC06: sub_seq start out of bounds"
Directory: /Users/ginger/Documents/LibreBio_Project/build
"TC06: sub_seq start out of bounds" start time: May 15 09:44 CST
Output:
----------------------------------------------------------
Filters: "TC06: sub_seq start out of bounds"
Randomness seeded to: 472913832
===============================================================================
All tests passed (1 assertion in 1 test case)

<end of output>
Test time =   0.01 sec
----------------------------------------------------------
Test Passed.
"TC06: sub_seq start out of bounds" end time: May 15 09:44 CST
"TC06: sub_seq start out of bounds" time elapsed: 00:00:00
----------------------------------------------------------

7/18 Testing: TC07: sub_seq length exceeds bounds
7/18 Test: TC07: sub_seq length exceeds bounds
Command: "/Users/ginger/Documents/LibreBio_Project/build/sequence_test" "TC07: sub_seq length exceeds bounds"
Directory: /Users/ginger/Documents/LibreBio_Project/build
"TC07: sub_seq length exceeds bounds" start time: May 15 09:44 CST
Output:
----------------------------------------------------------
Filters: "TC07: sub_seq length exceeds bounds"
Randomness seeded to: 2852418348
===============================================================================
All tests passed (2 assertions in 1 test case)

<end of output>
Test time =   0.01 sec
----------------------------------------------------------
Test Passed.
"TC07: sub_seq length exceeds bounds" end time: May 15 09:44 CST
"TC07: sub_seq length exceeds bounds" time elapsed: 00:00:00
----------------------------------------------------------

8/18 Testing: TC08: sub_seq count is zero
8/18 Test: TC08: sub_seq count is zero
Command: "/Users/ginger/Documents/LibreBio_Project/build/sequence_test" "TC08: sub_seq count is zero"
Directory: /Users/ginger/Documents/LibreBio_Project/build
"TC08: sub_seq count is zero" start time: May 15 09:44 CST
Output:
----------------------------------------------------------
Filters: "TC08: sub_seq count is zero"
Randomness seeded to: 3784322401
===============================================================================
All tests passed (1 assertion in 1 test case)

<end of output>
Test time =   0.01 sec
----------------------------------------------------------
Test Passed.
"TC08: sub_seq count is zero" end time: May 15 09:44 CST
"TC08: sub_seq count is zero" time elapsed: 00:00:00
----------------------------------------------------------

9/18 Testing: TC09: DNA reverse complement with space
9/18 Test: TC09: DNA reverse complement with space
Command: "/Users/ginger/Documents/LibreBio_Project/build/sequence_test" "TC09: DNA reverse complement with space"
Directory: /Users/ginger/Documents/LibreBio_Project/build
"TC09: DNA reverse complement with space" start time: May 15 09:44 CST
Output:
----------------------------------------------------------
Filters: "TC09: DNA reverse complement with space"
Randomness seeded to: 1375438489
===============================================================================
All tests passed (1 assertion in 1 test case)

<end of output>
Test time =   0.01 sec
----------------------------------------------------------
Test Passed.
"TC09: DNA reverse complement with space" end time: May 15 09:44 CST
"TC09: DNA reverse complement with space" time elapsed: 00:00:00
----------------------------------------------------------

10/18 Testing: TC10: RNA reverse complement
10/18 Test: TC10: RNA reverse complement
Command: "/Users/ginger/Documents/LibreBio_Project/build/sequence_test" "TC10: RNA reverse complement"
Directory: /Users/ginger/Documents/LibreBio_Project/build
"TC10: RNA reverse complement" start time: May 15 09:44 CST
Output:
----------------------------------------------------------
Filters: "TC10: RNA reverse complement"
Randomness seeded to: 1622420148
===============================================================================
All tests passed (1 assertion in 1 test case)

<end of output>
Test time =   0.01 sec
----------------------------------------------------------
Test Passed.
"TC10: RNA reverse complement" end time: May 15 09:44 CST
"TC10: RNA reverse complement" time elapsed: 00:00:00
----------------------------------------------------------

11/18 Testing: TC11: Protein reverse complement returns copy
11/18 Test: TC11: Protein reverse complement returns copy
Command: "/Users/ginger/Documents/LibreBio_Project/build/sequence_test" "TC11: Protein reverse complement returns copy"
Directory: /Users/ginger/Documents/LibreBio_Project/build
"TC11: Protein reverse complement returns copy" start time: May 15 09:44 CST
Output:
----------------------------------------------------------
Filters: "TC11: Protein reverse complement returns copy"
Randomness seeded to: 1482693217
===============================================================================
All tests passed (1 assertion in 1 test case)

<end of output>
Test time =   0.01 sec
----------------------------------------------------------
Test Passed.
"TC11: Protein reverse complement returns copy" end time: May 15 09:44 CST
"TC11: Protein reverse complement returns copy" time elapsed: 00:00:00
----------------------------------------------------------

12/18 Testing: TC12: gc_content normal
12/18 Test: TC12: gc_content normal
Command: "/Users/ginger/Documents/LibreBio_Project/build/sequence_test" "TC12: gc_content normal"
Directory: /Users/ginger/Documents/LibreBio_Project/build
"TC12: gc_content normal" start time: May 15 09:44 CST
Output:
----------------------------------------------------------
Filters: "TC12: gc_content normal"
Randomness seeded to: 719703647
===============================================================================
All tests passed (1 assertion in 1 test case)

<end of output>
Test time =   0.01 sec
----------------------------------------------------------
Test Passed.
"TC12: gc_content normal" end time: May 15 09:44 CST
"TC12: gc_content normal" time elapsed: 00:00:00
----------------------------------------------------------

13/18 Testing: TC13: gc_content all GC
13/18 Test: TC13: gc_content all GC
Command: "/Users/ginger/Documents/LibreBio_Project/build/sequence_test" "TC13: gc_content all GC"
Directory: /Users/ginger/Documents/LibreBio_Project/build
"TC13: gc_content all GC" start time: May 15 09:44 CST
Output:
----------------------------------------------------------
Filters: "TC13: gc_content all GC"
Randomness seeded to: 3033433228
===============================================================================
All tests passed (1 assertion in 1 test case)

<end of output>
Test time =   0.01 sec
----------------------------------------------------------
Test Passed.
"TC13: gc_content all GC" end time: May 15 09:44 CST
"TC13: gc_content all GC" time elapsed: 00:00:00
----------------------------------------------------------

14/18 Testing: TC14: gc_content no GC
14/18 Test: TC14: gc_content no GC
Command: "/Users/ginger/Documents/LibreBio_Project/build/sequence_test" "TC14: gc_content no GC"
Directory: /Users/ginger/Documents/LibreBio_Project/build
"TC14: gc_content no GC" start time: May 15 09:44 CST
Output:
----------------------------------------------------------
Filters: "TC14: gc_content no GC"
Randomness seeded to: 1269000142
===============================================================================
All tests passed (1 assertion in 1 test case)

<end of output>
Test time =   0.01 sec
----------------------------------------------------------
Test Passed.
"TC14: gc_content no GC" end time: May 15 09:44 CST
"TC14: gc_content no GC" time elapsed: 00:00:00
----------------------------------------------------------

15/18 Testing: TC15: gc_content mixed case
15/18 Test: TC15: gc_content mixed case
Command: "/Users/ginger/Documents/LibreBio_Project/build/sequence_test" "TC15: gc_content mixed case"
Directory: /Users/ginger/Documents/LibreBio_Project/build
"TC15: gc_content mixed case" start time: May 15 09:44 CST
Output:
----------------------------------------------------------
Filters: "TC15: gc_content mixed case"
Randomness seeded to: 2217163584
===============================================================================
All tests passed (1 assertion in 1 test case)

<end of output>
Test time =   0.01 sec
----------------------------------------------------------
Test Passed.
"TC15: gc_content mixed case" end time: May 15 09:44 CST
"TC15: gc_content mixed case" time elapsed: 00:00:00
----------------------------------------------------------

16/18 Testing: TC16: validate DNA valid sequence
16/18 Test: TC16: validate DNA valid sequence
Command: "/Users/ginger/Documents/LibreBio_Project/build/sequence_test" "TC16: validate DNA valid sequence"
Directory: /Users/ginger/Documents/LibreBio_Project/build
"TC16: validate DNA valid sequence" start time: May 15 09:44 CST
Output:
----------------------------------------------------------
Filters: "TC16: validate DNA valid sequence"
Randomness seeded to: 4200316655
===============================================================================
All tests passed (1 assertion in 1 test case)

<end of output>
Test time =   0.01 sec
----------------------------------------------------------
Test Passed.
"TC16: validate DNA valid sequence" end time: May 15 09:44 CST
"TC16: validate DNA valid sequence" time elapsed: 00:00:00
----------------------------------------------------------

17/18 Testing: TC17: validate DNA invalid character
17/18 Test: TC17: validate DNA invalid character
Command: "/Users/ginger/Documents/LibreBio_Project/build/sequence_test" "TC17: validate DNA invalid character"
Directory: /Users/ginger/Documents/LibreBio_Project/build
"TC17: validate DNA invalid character" start time: May 15 09:44 CST
Output:
----------------------------------------------------------
Filters: "TC17: validate DNA invalid character"
Randomness seeded to: 1929136575
===============================================================================
All tests passed (1 assertion in 1 test case)

<end of output>
Test time =   0.01 sec
----------------------------------------------------------
Test Passed.
"TC17: validate DNA invalid character" end time: May 15 09:44 CST
"TC17: validate DNA invalid character" time elapsed: 00:00:00
----------------------------------------------------------

18/18 Testing: TC18: validate Protein valid sequence
18/18 Test: TC18: validate Protein valid sequence
Command: "/Users/ginger/Documents/LibreBio_Project/build/sequence_test" "TC18: validate Protein valid sequence"
Directory: /Users/ginger/Documents/LibreBio_Project/build
"TC18: validate Protein valid sequence" start time: May 15 09:44 CST
Output:
----------------------------------------------------------
Filters: "TC18: validate Protein valid sequence"
Randomness seeded to: 3613539430
===============================================================================
All tests passed (1 assertion in 1 test case)

<end of output>
Test time =   0.01 sec
----------------------------------------------------------
Test Passed.
"TC18: validate Protein valid sequence" end time: May 15 09:44 CST
"TC18: validate Protein valid sequence" time elapsed: 00:00:00
----------------------------------------------------------

End testing: May 15 09:44 CST
