<?xml version="1.0" encoding="UTF-8"?>
<Site BuildName="Darwin-clang++"
	BuildStamp="20260515-0143-Experimental"
	Name="GingerdeMacBook-Neo.local"
	Generator="ctest-4.3.2"
	CompilerName="/usr/bin/clang++"
	CompilerVersion="21.0.0.21000099"
	OSName="macOS"
	Hostname="GingerdeMacBook-Neo.local"
	OSRelease="26.4.1"
	OSVersion="25E253"
	OSPlatform="arm64"
	Is64Bits="1"
	VendorString="Apple"
	VendorID="Apple"
	FamilyID="0"
	ModelID="0"
	ModelName="Apple A18 Pro"
	ProcessorCacheSize="131072"
	NumberOfLogicalCPU="6"
	NumberOfPhysicalCPU="6"
	TotalVirtualMemory="4096"
	TotalPhysicalMemory="8192"
	LogicalProcessorsPerPhysical="6"
	ProcessorClockFrequency="0.000000"
	>
	<Testing>
		<StartDateTime>May 15 09:47 CST</StartDateTime>
		<StartTestTime>1778809641</StartTestTime>
		<TestList/>
		<EndDateTime>May 15 09:47 CST</EndDateTime>
		<EndTestTime>1778809641</EndTestTime>
		<ElapsedMinutes>0</ElapsedMinutes>
	</Testing>
</Site>
